  [1m[35m (432.0ms)[0m  [1m[35mCREATE DATABASE "stitch-in-time_development" ENCODING = 'unicode'[0m
  ↳ /Users/simonmei/.rvm/rubies/ruby-2.6.1/lib/ruby/gems/2.6.0/gems/rake-12.3.2/lib/rake/task.rb:273
  [1m[35m (324.1ms)[0m  [1m[35mCREATE DATABASE "stitch-in-time_test" ENCODING = 'unicode'[0m
  ↳ /Users/simonmei/.rvm/rubies/ruby-2.6.1/lib/ruby/gems/2.6.0/gems/rake-12.3.2/lib/rake/task.rb:273
  [1m[35m (21.0ms)[0m  [1m[35mCREATE TABLE "schema_migrations" ("version" character varying NOT NULL PRIMARY KEY)[0m
  ↳ /Users/simonmei/.rvm/rubies/ruby-2.6.1/lib/ruby/gems/2.6.0/gems/rake-12.3.2/lib/rake/task.rb:273
  [1m[35m (5.1ms)[0m  [1m[35mCREATE TABLE "ar_internal_metadata" ("key" character varying NOT NULL PRIMARY KEY, "value" character varying, "created_at" timestamp NOT NULL, "updated_at" timestamp NOT NULL)[0m
  ↳ /Users/simonmei/.rvm/rubies/ruby-2.6.1/lib/ruby/gems/2.6.0/gems/rake-12.3.2/lib/rake/task.rb:273
  [1m[35m (1.8ms)[0m  [1m[34mSELECT pg_try_advisory_lock(4886849560935963810)[0m
  ↳ /Users/simonmei/.rvm/rubies/ruby-2.6.1/lib/ruby/gems/2.6.0/gems/rake-12.3.2/lib/rake/task.rb:273
  [1m[35m (1.1ms)[0m  [1m[34mSELECT "schema_migrations"."version" FROM "schema_migrations" ORDER BY "schema_migrations"."version" ASC[0m
  ↳ /Users/simonmei/.rvm/rubies/ruby-2.6.1/lib/ruby/gems/2.6.0/gems/rake-12.3.2/lib/rake/task.rb:273
Migrating to CreateUsers (20190416155128)
  [1m[35m (0.5ms)[0m  [1m[35mBEGIN[0m
  ↳ /Users/simonmei/.rvm/rubies/ruby-2.6.1/lib/ruby/gems/2.6.0/gems/rake-12.3.2/lib/rake/task.rb:273
  [1m[35m (7.6ms)[0m  [1m[35mCREATE TABLE "users" ("id" bigserial primary key, "name" character varying, "progress" integer, "created_at" timestamp NOT NULL, "updated_at" timestamp NOT NULL)[0m
  ↳ db/migrate/20190416155128_create_users.rb:3
  [1m[36mActiveRecord::SchemaMigration Create (6.9ms)[0m  [1m[32mINSERT INTO "schema_migrations" ("version") VALUES ($1) RETURNING "version"[0m  [["version", "20190416155128"]]
  ↳ /Users/simonmei/.rvm/rubies/ruby-2.6.1/lib/ruby/gems/2.6.0/gems/rake-12.3.2/lib/rake/task.rb:273
  [1m[35m (0.6ms)[0m  [1m[35mCOMMIT[0m
  ↳ /Users/simonmei/.rvm/rubies/ruby-2.6.1/lib/ruby/gems/2.6.0/gems/rake-12.3.2/lib/rake/task.rb:273
  [1m[36mActiveRecord::InternalMetadata Load (0.4ms)[0m  [1m[34mSELECT  "ar_internal_metadata".* FROM "ar_internal_metadata" WHERE "ar_internal_metadata"."key" = $1 LIMIT $2[0m  [["key", "environment"], ["LIMIT", 1]]
  ↳ /Users/simonmei/.rvm/rubies/ruby-2.6.1/lib/ruby/gems/2.6.0/gems/rake-12.3.2/lib/rake/task.rb:273
  [1m[35m (0.3ms)[0m  [1m[35mBEGIN[0m
  ↳ /Users/simonmei/.rvm/rubies/ruby-2.6.1/lib/ruby/gems/2.6.0/gems/rake-12.3.2/lib/rake/task.rb:273
  [1m[36mActiveRecord::InternalMetadata Create (1.8ms)[0m  [1m[32mINSERT INTO "ar_internal_metadata" ("key", "value", "created_at", "updated_at") VALUES ($1, $2, $3, $4) RETURNING "key"[0m  [["key", "environment"], ["value", "development"], ["created_at", "2019-04-16 15:52:23.300107"], ["updated_at", "2019-04-16 15:52:23.300107"]]
  ↳ /Users/simonmei/.rvm/rubies/ruby-2.6.1/lib/ruby/gems/2.6.0/gems/rake-12.3.2/lib/rake/task.rb:273
  [1m[35m (0.7ms)[0m  [1m[35mCOMMIT[0m
  ↳ /Users/simonmei/.rvm/rubies/ruby-2.6.1/lib/ruby/gems/2.6.0/gems/rake-12.3.2/lib/rake/task.rb:273
  [1m[35m (0.4ms)[0m  [1m[34mSELECT pg_advisory_unlock(4886849560935963810)[0m
  ↳ /Users/simonmei/.rvm/rubies/ruby-2.6.1/lib/ruby/gems/2.6.0/gems/rake-12.3.2/lib/rake/task.rb:273
  [1m[35m (0.9ms)[0m  [1m[34mSELECT "schema_migrations"."version" FROM "schema_migrations" ORDER BY "schema_migrations"."version" ASC[0m
  ↳ /Users/simonmei/.rvm/rubies/ruby-2.6.1/lib/ruby/gems/2.6.0/gems/rake-12.3.2/lib/rake/task.rb:273
Started GET "/" for ::1 at 2019-04-16 11:53:21 -0400
  [1m[35m (2.9ms)[0m  [1m[34mSELECT "schema_migrations"."version" FROM "schema_migrations" ORDER BY "schema_migrations"."version" ASC[0m
  ↳ /Users/simonmei/.rvm/gems/ruby-2.6.1/gems/activerecord-5.2.3/lib/active_record/log_subscriber.rb:98
Processing by Rails::WelcomeController#index as HTML
  Rendering /Users/simonmei/.rvm/gems/ruby-2.6.1/gems/railties-5.2.3/lib/rails/templates/rails/welcome/index.html.erb
  Rendered /Users/simonmei/.rvm/gems/ruby-2.6.1/gems/railties-5.2.3/lib/rails/templates/rails/welcome/index.html.erb (19.3ms)
Completed 200 OK in 46ms (Views: 43.7ms | ActiveRecord: 0.0ms)


Started GET "/favicon.ico" for ::1 at 2019-04-16 11:53:23 -0400
  
ActionController::RoutingError (No route matches [GET] "/favicon.ico"):
  
actionpack (5.2.3) lib/action_dispatch/middleware/debug_exceptions.rb:65:in `call'
actionpack (5.2.3) lib/action_dispatch/middleware/show_exceptions.rb:33:in `call'
railties (5.2.3) lib/rails/rack/logger.rb:38:in `call_app'
railties (5.2.3) lib/rails/rack/logger.rb:26:in `block in call'
activesupport (5.2.3) lib/active_support/tagged_logging.rb:71:in `block in tagged'
activesupport (5.2.3) lib/active_support/tagged_logging.rb:28:in `tagged'
activesupport (5.2.3) lib/active_support/tagged_logging.rb:71:in `tagged'
railties (5.2.3) lib/rails/rack/logger.rb:26:in `call'
actionpack (5.2.3) lib/action_dispatch/middleware/remote_ip.rb:81:in `call'
actionpack (5.2.3) lib/action_dispatch/middleware/request_id.rb:27:in `call'
rack (2.0.7) lib/rack/runtime.rb:22:in `call'
activesupport (5.2.3) lib/active_support/cache/strategy/local_cache_middleware.rb:29:in `call'
actionpack (5.2.3) lib/action_dispatch/middleware/executor.rb:14:in `call'
actionpack (5.2.3) lib/action_dispatch/middleware/static.rb:127:in `call'
rack (2.0.7) lib/rack/sendfile.rb:111:in `call'
rack-cors (1.0.3) lib/rack/cors.rb:95:in `call'
railties (5.2.3) lib/rails/engine.rb:524:in `call'
puma (3.12.1) lib/puma/configuration.rb:227:in `call'
puma (3.12.1) lib/puma/server.rb:660:in `handle_request'
puma (3.12.1) lib/puma/server.rb:474:in `process_client'
puma (3.12.1) lib/puma/server.rb:334:in `block in run'
puma (3.12.1) lib/puma/thread_pool.rb:135:in `block in spawn_thread'
Started GET "/users" for ::1 at 2019-04-16 11:53:25 -0400
  
ActionController::RoutingError (No route matches [GET] "/users"):
  
actionpack (5.2.3) lib/action_dispatch/middleware/debug_exceptions.rb:65:in `call'
actionpack (5.2.3) lib/action_dispatch/middleware/show_exceptions.rb:33:in `call'
railties (5.2.3) lib/rails/rack/logger.rb:38:in `call_app'
railties (5.2.3) lib/rails/rack/logger.rb:26:in `block in call'
activesupport (5.2.3) lib/active_support/tagged_logging.rb:71:in `block in tagged'
activesupport (5.2.3) lib/active_support/tagged_logging.rb:28:in `tagged'
activesupport (5.2.3) lib/active_support/tagged_logging.rb:71:in `tagged'
railties (5.2.3) lib/rails/rack/logger.rb:26:in `call'
actionpack (5.2.3) lib/action_dispatch/middleware/remote_ip.rb:81:in `call'
actionpack (5.2.3) lib/action_dispatch/middleware/request_id.rb:27:in `call'
rack (2.0.7) lib/rack/runtime.rb:22:in `call'
activesupport (5.2.3) lib/active_support/cache/strategy/local_cache_middleware.rb:29:in `call'
actionpack (5.2.3) lib/action_dispatch/middleware/executor.rb:14:in `call'
actionpack (5.2.3) lib/action_dispatch/middleware/static.rb:127:in `call'
rack (2.0.7) lib/rack/sendfile.rb:111:in `call'
rack-cors (1.0.3) lib/rack/cors.rb:95:in `call'
railties (5.2.3) lib/rails/engine.rb:524:in `call'
puma (3.12.1) lib/puma/configuration.rb:227:in `call'
puma (3.12.1) lib/puma/server.rb:660:in `handle_request'
puma (3.12.1) lib/puma/server.rb:474:in `process_client'
puma (3.12.1) lib/puma/server.rb:334:in `block in run'
puma (3.12.1) lib/puma/thread_pool.rb:135:in `block in spawn_thread'
Started GET "/users" for ::1 at 2019-04-16 11:59:20 -0400
  [1m[35m (0.9ms)[0m  [1m[34mSELECT "schema_migrations"."version" FROM "schema_migrations" ORDER BY "schema_migrations"."version" ASC[0m
  ↳ /Users/simonmei/.rvm/gems/ruby-2.6.1/gems/activerecord-5.2.3/lib/active_record/log_subscriber.rb:98
Processing by UsersController#index as HTML
  [1m[36mUser Load (1.2ms)[0m  [1m[34mSELECT "users".* FROM "users"[0m
  ↳ app/controllers/users_controller.rb:4
[active_model_serializers] Rendered ActiveModel::Serializer::CollectionSerializer with ActiveModelSerializers::Adapter::Attributes (0.2ms)
Completed 200 OK in 44ms (Views: 31.4ms | ActiveRecord: 8.2ms)


Started POST "/users" for ::1 at 2019-04-16 12:04:38 -0400
Processing by UsersController#create as */*
  Parameters: {"name"=>"Simon", "progress"=>0, "user"=>{"name"=>"Simon", "progress"=>0}}
Unpermitted parameter: :user
  [1m[35m (0.4ms)[0m  [1m[35mBEGIN[0m
  ↳ app/controllers/users_controller.rb:8
  [1m[36mUser Create (1.5ms)[0m  [1m[32mINSERT INTO "users" ("name", "progress", "created_at", "updated_at") VALUES ($1, $2, $3, $4) RETURNING "id"[0m  [["name", "Simon"], ["progress", 0], ["created_at", "2019-04-16 16:04:39.022981"], ["updated_at", "2019-04-16 16:04:39.022981"]]
  ↳ app/controllers/users_controller.rb:8
  [1m[35m (0.5ms)[0m  [1m[35mCOMMIT[0m
  ↳ app/controllers/users_controller.rb:8
[active_model_serializers] Rendered UserSerializer with ActiveModelSerializers::Adapter::Attributes (0.47ms)
Completed 200 OK in 22ms (Views: 4.8ms | ActiveRecord: 8.9ms)


Started GET "/users" for ::1 at 2019-04-16 12:04:45 -0400
Processing by UsersController#index as HTML
  [1m[36mUser Load (1.7ms)[0m  [1m[34mSELECT "users".* FROM "users"[0m
  ↳ app/controllers/users_controller.rb:4
[active_model_serializers] Rendered ActiveModel::Serializer::CollectionSerializer with ActiveModelSerializers::Adapter::Attributes (1.48ms)
Completed 200 OK in 9ms (Views: 7.2ms | ActiveRecord: 1.7ms)


Started POST "/users" for ::1 at 2019-04-16 12:06:37 -0400
Processing by UsersController#create as */*
  Parameters: {"name"=>"Simon", "progress"=>0, "user"=>{"name"=>"Simon", "progress"=>0}}
Unpermitted parameter: :user
  [1m[36mUser Load (1.3ms)[0m  [1m[34mSELECT  "users".* FROM "users" WHERE "users"."name" = $1 LIMIT $2[0m  [["name", "Simon"], ["LIMIT", 1]]
  ↳ app/controllers/users_controller.rb:10
[active_model_serializers] Rendered UserSerializer with ActiveModelSerializers::Adapter::Attributes (0.74ms)
Completed 200 OK in 17ms (Views: 2.5ms | ActiveRecord: 8.1ms)


Started GET "/users" for ::1 at 2019-04-16 12:06:39 -0400
Processing by UsersController#index as HTML
  [1m[36mUser Load (0.7ms)[0m  [1m[34mSELECT "users".* FROM "users"[0m
  ↳ app/controllers/users_controller.rb:6
[active_model_serializers] Rendered ActiveModel::Serializer::CollectionSerializer with ActiveModelSerializers::Adapter::Attributes (0.71ms)
Completed 200 OK in 6ms (Views: 4.8ms | ActiveRecord: 0.7ms)


Started POST "/users" for ::1 at 2019-04-16 12:06:49 -0400
Processing by UsersController#create as */*
  Parameters: {"name"=>"Ollie", "progress"=>0, "user"=>{"name"=>"Ollie", "progress"=>0}}
Unpermitted parameter: :user
  [1m[36mUser Load (1.2ms)[0m  [1m[34mSELECT  "users".* FROM "users" WHERE "users"."name" = $1 LIMIT $2[0m  [["name", "Ollie"], ["LIMIT", 1]]
  ↳ app/controllers/users_controller.rb:10
  [1m[35m (1.6ms)[0m  [1m[35mBEGIN[0m
  ↳ app/controllers/users_controller.rb:10
  [1m[36mUser Create (0.9ms)[0m  [1m[32mINSERT INTO "users" ("name", "created_at", "updated_at") VALUES ($1, $2, $3) RETURNING "id"[0m  [["name", "Ollie"], ["created_at", "2019-04-16 16:06:49.710923"], ["updated_at", "2019-04-16 16:06:49.710923"]]
  ↳ app/controllers/users_controller.rb:10
  [1m[35m (0.4ms)[0m  [1m[35mCOMMIT[0m
  ↳ app/controllers/users_controller.rb:10
[active_model_serializers] Rendered UserSerializer with ActiveModelSerializers::Adapter::Attributes (0.24ms)
Completed 200 OK in 10ms (Views: 0.7ms | ActiveRecord: 4.1ms)


Started GET "/users" for ::1 at 2019-04-16 12:06:52 -0400
Processing by UsersController#index as HTML
  [1m[36mUser Load (0.5ms)[0m  [1m[34mSELECT "users".* FROM "users"[0m
  ↳ app/controllers/users_controller.rb:6
[active_model_serializers] Rendered ActiveModel::Serializer::CollectionSerializer with ActiveModelSerializers::Adapter::Attributes (0.22ms)
Completed 200 OK in 2ms (Views: 1.7ms | ActiveRecord: 0.5ms)


Started POST "/users" for ::1 at 2019-04-16 12:09:44 -0400
  
SyntaxError (/Users/simonmei/Development/Projects/stitch-in-time/stitch-in-time-api/app/controllers/users_controller.rb:12: syntax error, unexpected else, expecting ')'
    else
    ^~~~):
  
app/controllers/users_controller.rb:12: syntax error, unexpected else, expecting ')'
Started GET "/users" for ::1 at 2019-04-16 12:09:46 -0400
  
SyntaxError (/Users/simonmei/Development/Projects/stitch-in-time/stitch-in-time-api/app/controllers/users_controller.rb:12: syntax error, unexpected else, expecting ')'
    else
    ^~~~):
  
app/controllers/users_controller.rb:12: syntax error, unexpected else, expecting ')'
Started GET "/users" for ::1 at 2019-04-16 12:10:00 -0400
Processing by UsersController#index as HTML
  [1m[36mUser Load (0.7ms)[0m  [1m[34mSELECT "users".* FROM "users"[0m
  ↳ app/controllers/users_controller.rb:6
[active_model_serializers] Rendered ActiveModel::Serializer::CollectionSerializer with ActiveModelSerializers::Adapter::Attributes (0.62ms)
Completed 200 OK in 31ms (Views: 14.5ms | ActiveRecord: 14.6ms)


Started POST "/users" for ::1 at 2019-04-16 12:10:04 -0400
Processing by UsersController#create as */*
  Parameters: {"name"=>"Simon", "progress"=>0, "user"=>{"name"=>"Simon", "progress"=>0}}
Unpermitted parameter: :user
  [1m[36mUser Load (0.7ms)[0m  [1m[34mSELECT  "users".* FROM "users" WHERE "users"."name" = $1 LIMIT $2[0m  [["name", "Simon"], ["LIMIT", 1]]
  ↳ app/controllers/users_controller.rb:10
Unpermitted parameter: :user
  [1m[36mCACHE User Load (0.0ms)[0m  [1m[34mSELECT  "users".* FROM "users" WHERE "users"."name" = $1 LIMIT $2[0m  [["name", "Simon"], ["LIMIT", 1]]
  ↳ app/controllers/users_controller.rb:11
[active_model_serializers] Rendered UserSerializer with ActiveModelSerializers::Adapter::Attributes (0.46ms)
Completed 200 OK in 7ms (Views: 1.6ms | ActiveRecord: 0.7ms)


Started POST "/users" for ::1 at 2019-04-16 12:10:10 -0400
Processing by UsersController#create as */*
  Parameters: {"name"=>"David", "progress"=>0, "user"=>{"name"=>"David", "progress"=>0}}
Unpermitted parameter: :user
  [1m[36mUser Load (0.9ms)[0m  [1m[34mSELECT  "users".* FROM "users" WHERE "users"."name" = $1 LIMIT $2[0m  [["name", "David"], ["LIMIT", 1]]
  ↳ app/controllers/users_controller.rb:10
Unpermitted parameter: :user
  [1m[35m (1.1ms)[0m  [1m[35mBEGIN[0m
  ↳ app/controllers/users_controller.rb:13
  [1m[36mUser Create (0.7ms)[0m  [1m[32mINSERT INTO "users" ("name", "progress", "created_at", "updated_at") VALUES ($1, $2, $3, $4) RETURNING "id"[0m  [["name", "David"], ["progress", 0], ["created_at", "2019-04-16 16:10:10.804189"], ["updated_at", "2019-04-16 16:10:10.804189"]]
  ↳ app/controllers/users_controller.rb:13
  [1m[35m (0.4ms)[0m  [1m[35mCOMMIT[0m
  ↳ app/controllers/users_controller.rb:13
[active_model_serializers] Rendered UserSerializer with ActiveModelSerializers::Adapter::Attributes (0.12ms)
Completed 200 OK in 8ms (Views: 0.7ms | ActiveRecord: 3.1ms)


Started GET "/users" for ::1 at 2019-04-16 12:10:12 -0400
Processing by UsersController#index as HTML
  [1m[36mUser Load (0.5ms)[0m  [1m[34mSELECT "users".* FROM "users"[0m
  ↳ app/controllers/users_controller.rb:6
[active_model_serializers] Rendered ActiveModel::Serializer::CollectionSerializer with ActiveModelSerializers::Adapter::Attributes (0.46ms)
Completed 200 OK in 3ms (Views: 2.5ms | ActiveRecord: 0.5ms)


